<?xml version="1.0" encoding="UTF-8"?>
<testsuite name="com.test.yamashiro.unittest.MainActivityTest" tests="2" skipped="0" failures="0" errors="0" timestamp="2016-06-17T06:44:31" hostname="TGLPC00983" time="13.532">
  <properties/>
  <testcase name="名前テスト" classname="com.test.yamashiro.unittest.MainActivityTest" time="12.876"/>
  <testcase name="年齢テスト" classname="com.test.yamashiro.unittest.MainActivityTest" time="0.64"/>
  <system-out><![CDATA[]]></system-out>
  <system-err><![CDATA[Downloading: org/robolectric/shadows-core/3.1/shadows-core-3.1-19.jar from repository sonatype at https://oss.sonatype.org/content/groups/public/
Transferring 2608K from sonatype
]]></system-err>
</testsuite>
