<?xml version="1.0" encoding="UTF-8"?>
<testsuite name="com.test.yamashiro.unittest.ExampleUnitTest" tests="1" skipped="0" failures="0" errors="0" timestamp="2016-06-17T06:45:38" hostname="TGLPC00983" time="0.0">
  <properties/>
  <testcase name="addition_isCorrect" classname="com.test.yamashiro.unittest.ExampleUnitTest" time="0.0"/>
  <system-out><![CDATA[]]></system-out>
  <system-err><![CDATA[]]></system-err>
</testsuite>
