<?xml version="1.0" encoding="UTF-8"?>
<testsuite name="com.test.yamashiro.unittest.MainActivityTest" tests="2" skipped="0" failures="0" errors="0" timestamp="2016-06-17T06:45:38" hostname="TGLPC00983" time="5.36">
  <properties/>
  <testcase name="名前テスト" classname="com.test.yamashiro.unittest.MainActivityTest" time="5.188"/>
  <testcase name="年齢テスト" classname="com.test.yamashiro.unittest.MainActivityTest" time="0.172"/>
  <system-out><![CDATA[]]></system-out>
  <system-err><![CDATA[]]></system-err>
</testsuite>
